commit 23d62a86361d88001f263a15d0a6c6a4b68453aa
Author: Sai Kasam <saikasam98@gmail.com>
Date:   Thu Oct 25 20:13:12 2018 -0500

    fixed bottom links

commit b02f712883bfd34ad8ab04825201ea2b50a5abd0
Merge: 2412992 46bea8f
Author: Sai Kasam <saikasam98@gmail.com>
Date:   Thu Oct 25 20:04:24 2018 -0500

    Merge branch 'splash'

commit 46bea8fe2351b309f688a2d80be7663fd9224243
Author: Sai Kasam <saikasam98@gmail.com>
Date:   Thu Oct 25 20:01:28 2018 -0500

    added smoothing

commit 5186187401c50d953d35aa47dc2b7e254bfc1996
Author: Sai Kasam <saikasam98@gmail.com>
Date:   Thu Oct 25 19:53:06 2018 -0500

    added all tables

commit 28d389fc4235333dfc5d657add9b5a5456a4edf1
Author: Sai Kasam <saikasam98@gmail.com>
Date:   Thu Oct 25 19:45:00 2018 -0500

    books added

commit 7efc1a811d12cb90d8a6e1ac99561096375969c0
Author: Sai Kasam <saikasam98@gmail.com>
Date:   Thu Oct 25 19:33:24 2018 -0500

    got links in book added

commit 5bdf0f8e18058f6ecb4603c6dd4fdef240f43862
Author: Sai Kasam <saikasam98@gmail.com>
Date:   Thu Oct 25 18:12:49 2018 -0500

    removed border fixed page sizes

commit c0c85fbb4e01d7b91eca3e72c0d7ae12bf888362
Author: Sai Kasam <saikasam98@gmail.com>
Date:   Thu Oct 25 17:20:40 2018 -0500

    got splash page working

commit 24129925e2cac599f49a408b1a3e4b9734f01138
Author: Bryan Xiao <bryan.xiao@utexas.edu>
Date:   Thu Oct 25 17:03:46 2018 -0500

    Added IDB1.log of git commits

commit 707a548184ef534973618d2a17e1c1d1f0310545
Author: Bryan Xiao <bryan.xiao@utexas.edu>
Date:   Thu Oct 25 16:58:16 2018 -0500

    Added footer with all 3 cards for authors, publishers, and books

commit b973c92b8081855a344c1fbb59a319fc054f3ce1
Author: Bryan Xiao <bryan.xiao@utexas.edu>
Date:   Thu Oct 25 13:56:13 2018 -0500

    Added model pages

commit c024f8720a1c43f1f5b66619df9f3592cd3e5bba
Author: Eric Lu <elu@Erics-MacBook-Pro.local>
Date:   Thu Oct 25 00:22:51 2018 -0500

    about page, fixed photo name

commit 28f31efd4c819683d67ad66268f92592ff5f1e31
Author: Eric Lu <elu@Erics-MacBook-Pro.local>
Date:   Wed Oct 24 22:47:15 2018 -0500

    added stats,data,tools to about page

commit 9114a0a60df09f808656e4e7c064354c907f5251
Author: Eric Lu <elu@Erics-MacBook-Pro.local>
Date:   Wed Oct 24 22:29:54 2018 -0500

    about page

commit 0fc0799a99209098f5cd492e6209d275f4c1f9af
Author: Dana Hsieh <dana_hsieh@utexas.edu>
Date:   Wed Oct 24 20:26:24 2018 -0500

    modified app.yaml

commit b46a26309cfb10e16a27243d196c2740e0f1540f
Author: TheKasam <saikasam98@gmail.com>
Date:   Wed Oct 24 20:22:36 2018 -0500

    changes

commit 05d9d880025084e2190141c9dd6ee6d071885cdc
Merge: 199bd0d 7cd2074
Author: TheKasam <saikasam98@gmail.com>
Date:   Wed Oct 24 20:06:21 2018 -0500

    merge

commit 199bd0d0695971da200afce8da582acc84b4ae4b
Author: TheKasam <saikasam98@gmail.com>
Date:   Wed Oct 24 20:04:58 2018 -0500

    working on splash

commit 7cd20742f6f5e1026e0e3b04c38af34c24fce0d6
Author: Bryan Xiao <bryan.xiao@utexas.edu>
Date:   Wed Oct 24 19:59:35 2018 -0500

    Fixed about page

commit b74a17b409027edd9c6b967dfdab1e768960665b
Author: Bryan Xiao <bryan.xiao@utexas.edu>
Date:   Wed Oct 24 19:51:53 2018 -0500

    Refactored content pages to incorporate base.html for nav-bar and load scripts

commit 6025081e244b0f034d954577019980919faff3a3
Merge: 49a3690 cc1c3af
Author: Bryan Xiao <bryan.xiao@utexas.edu>
Date:   Wed Oct 24 19:28:14 2018 -0500

    Merge branch 'master' into Models

commit 49a3690f5db75b52c0ff91342daef1d2db858ddc
Author: Bryan Xiao <bryan.xiao@utexas.edu>
Date:   Wed Oct 24 19:23:42 2018 -0500

    Filled in content for rest of body pages

commit cc1c3af0a1f042142f4740dc9edf2de9ff83d744
Author: TheKasam <saikasam98@gmail.com>
Date:   Wed Oct 24 19:08:15 2018 -0500

    added nav base and modified main

commit 7b7c4236ac55963261d5a1194826056bccc4dbd1
Author: Bryan Xiao <bryan.xiao@utexas.edu>
Date:   Wed Oct 24 18:44:44 2018 -0500

    Updated books model pages and Brandon Sanderson

commit 0f4a63dd1a6058f7ce4f7d373e37fb8faccadb41
Author: Bryan Xiao <bryan.xiao@utexas.edu>
Date:   Wed Oct 24 12:07:02 2018 -0500

    Made two folders for regular html links and Flask url_for links. Also created all model html pages and updated main.py with handlers for all html files

commit b23ff3ed209f3e58f2ab7e2ce0dbdb6e937bc881
Author: Bryan Xiao <bryan.xiao@utexas.edu>
Date:   Wed Oct 24 11:11:05 2018 -0500

    Deleted old main.py and renamed main2.py to main.py

commit 7133f069e57a0f0b8ece8b6393570e1bd461e0d7
Author: Bryan Xiao <bryan.xiao@utexas.edu>
Date:   Wed Oct 24 11:09:24 2018 -0500

    Changed folder structure and html links to url_for(static, ...) for flask

commit ea354b6639adbf0291247e949a9ea4d700541b15
Author: Dana Hsieh <dana_hsieh@utexas.edu>
Date:   Wed Oct 24 09:47:54 2018 -0500

    changed some html to show books

commit b8243442f8176f1188e0120947e1b9acbad33324
Author: Dana Hsieh <dana_hsieh@utexas.edu>
Date:   Wed Oct 24 09:14:04 2018 -0500

    added books1 to app

commit a56fe4fa843113ffc60fa57dc715a16ab9b256ac
Author: Sudeep Swarnapuri <sudeepswarnapuri@utexas.edu>
Date:   Tue Oct 23 23:08:43 2018 -0500

    added database setup file and .db file with datamodels book, author, and year

commit f2e058ebb7c7d987261b998034d01fa88d4bc9bc
Author: Bryan Xiao <bryan.xiao@utexas.edu>
Date:   Tue Oct 23 22:49:23 2018 -0500

    Updated Bootstrap to 4.0.0 and added model base page

commit 9bf2049ea9ff41ea3d964ed3bf2e1d114383a3d1
Author: Bryan Xiao <bryan.xiao@utexas.edu>
Date:   Mon Oct 22 22:03:22 2018 -0500

    Changed stylesheet folder structure and references to custom css be page-specific

commit 0af1fa1fc0eb18f2054659bf45df65b8d91824d6
Author: Bryan Xiao <bryan.xiao@utexas.edu>
Date:   Mon Oct 22 21:58:57 2018 -0500

    Added about page and css assets

commit b75b94ffe69f32f78bd31b00894bf5d0b0160c71
Author: Dana Hsieh <dana_hsieh@utexas.edu>
Date:   Mon Oct 22 13:54:11 2018 -0500

    remove main1.py

commit 383fc4a413bed88d2318f2eedbd73fc87bf5ac3b
Author: Dana Hsieh <dana_hsieh@utexas.edu>
Date:   Mon Oct 22 12:28:10 2018 -0500

    rename main1.py to main2.py

commit 67872589c15c3df933c216bfb47847d0bbe0236d
Author: Dana Hsieh <dana_hsieh@utexas.edu>
Date:   Mon Oct 22 12:18:23 2018 -0500

    some more changes to requirements

commit b78f31abc03773a9754198643dce39b67b57f0ed
Author: Dana Hsieh <dana_hsieh@utexas.edu>
Date:   Mon Oct 22 12:15:14 2018 -0500

    some changes to requirements

commit e5f8e959f3a9a57ac53495447f3ac06070c0a3d9
Author: Dana Hsieh <dana_hsieh@utexas.edu>
Date:   Mon Oct 22 12:03:40 2018 -0500

    requirements.txt file

commit 04ec516362e50a013591454515471f754bac589c
Author: Sudeep Swarnapuri <sudeepswarnapuri@utexas.edu>
Date:   Fri Oct 19 14:42:07 2018 -0500

    added more files and stuff

commit 45f3d56dc1f18343fb23f18599e13aa1f00b4684
Author: Sudeep Swarnapuri <sudeepswarnapuri@utexas.edu>
Date:   Fri Oct 19 14:25:04 2018 -0500

    added template and main1.py

commit b6fd0b565a633dedb834dc709085128c21e6f2d4
Author: Sudeep Swarnapuri <ss76857@cs.utexas.edu>
Date:   Fri Oct 19 14:10:56 2018 -0500

    added dir files

commit 3b04a6409c5f67f63beae37dc7857d70f7d5b3e1
Author: Bryan Xiao <bryan.xiao@utexas.edu>
Date:   Fri Oct 19 17:10:53 2018 +0000

    Initial commit
